[debug] [2017-09-17T13:23:11.608Z] ----------------------------------------------------------------------
[debug] [2017-09-17T13:23:11.608Z] Command:       C:\Program Files\nodejs\node.exe C:\Users\gburrill\AppData\Roaming\npm\node_modules\firebase-tools\bin\firebase init
[debug] [2017-09-17T13:23:11.608Z] CLI Version:   3.11.0
[debug] [2017-09-17T13:23:11.608Z] Platform:      win32
[debug] [2017-09-17T13:23:11.608Z] Node Version:  v8.1.1
[debug] [2017-09-17T13:23:11.608Z] Time:          Sun Sep 17 2017 23:23:11 GMT+1000 (AUS Eastern Standard Time)
[debug] [2017-09-17T13:23:11.608Z] ----------------------------------------------------------------------
[debug] 
[debug] [2017-09-17T13:23:11.623Z] > command requires scopes: ["email","openid","https://www.googleapis.com/auth/cloudplatformprojects.readonly","https://www.googleapis.com/auth/firebase"]
[debug] [2017-09-17T13:23:11.623Z] > authorizing via signed-in user
[info] 
     ######## #### ########  ######## ########     ###     ######  ########
     ##        ##  ##     ## ##       ##     ##  ##   ##  ##       ##
     ######    ##  ########  ######   ########  #########  ######  ######
     ##        ##  ##    ##  ##       ##     ## ##     ##       ## ##
     ##       #### ##     ## ######## ########  ##     ##  ######  ########

You're about to initialize a Firebase project in this directory:

  C:\dev.git\shoppingList

Before we get started, keep in mind:

  * You are currently outside your home directory

